<?xml version="1.0" encoding="UTF-8"?>
<!-- Generated by org.testng.reporters.JUnitReportReporter -->
<testsuite hostname="TanmayPanda" failures="0" tests="1" name="RequestChaining.Scenario_1_DeleteProject" time="6.147" errors="0" timestamp="2025-02-24T15:44:24 IST" skipped="0">
  <testcase classname="RequestChaining.Scenario_1_DeleteProject" name="postDataToServer" time="6.147"/>
  <system-out/>
</testsuite> <!-- RequestChaining.Scenario_1_DeleteProject -->
