<?xml version="1.0" encoding="UTF-8"?>
<!-- Generated by org.testng.reporters.JUnitReportReporter -->
<testsuite hostname="TanmayPanda" failures="0" tests="1" name="Encryption.UpdatePayrollInfoViaAESEncryption" time="2.108" errors="0" timestamp="2025-03-05T17:51:27 IST" skipped="0">
  <testcase classname="Encryption.UpdatePayrollInfoViaAESEncryption" name="sampleTest" time="2.108"/>
  <system-out/>
</testsuite> <!-- Encryption.UpdatePayrollInfoViaAESEncryption -->
