<?xml version="1.0" encoding="UTF-8"?>
<!-- Generated by org.testng.reporters.JUnitReportReporter -->
<testsuite hostname="TanmayPanda" failures="0" tests="1" name="panCardMock.PayementTest" time="2.176" errors="0" timestamp="2025-02-27T12:36:06 IST" skipped="0">
  <testcase classname="panCardMock.PayementTest" name="sampleTest" time="2.176"/>
  <system-out/>
</testsuite> <!-- panCardMock.PayementTest -->
