<?xml version="1.0" encoding="UTF-8"?>
<!-- Generated by org.testng.reporters.JUnitReportReporter -->
<testsuite hostname="TanmayPanda" failures="0" tests="1" name="Encryption.EncodedAndDecoded" time="0.018" errors="0" timestamp="2025-02-25T15:30:04 IST" skipped="0">
  <testcase classname="Encryption.EncodedAndDecoded" name="sampleTest" time="0.018"/>
  <system-out/>
</testsuite> <!-- Encryption.EncodedAndDecoded -->
