<?xml version="1.0" encoding="UTF-8"?>
<!-- Generated by org.testng.reporters.JUnitReportReporter -->
<testsuite hostname="TanmayPanda" failures="0" tests="1" name="Practice12.new1" time="6.431" errors="0" timestamp="2025-04-30T13:18:45 IST" skipped="0">
  <testcase classname="Practice12.new1" name="sample" time="6.431"/>
  <system-out/>
</testsuite> <!-- Practice12.new1 -->
