<?xml version="1.0" encoding="UTF-8"?>
<!-- Generated by org.testng.reporters.JUnitReportReporter -->
<testsuite hostname="TanmayPanda" failures="0" tests="1" name="Pac.Sample" time="3.307" errors="0" timestamp="2025-02-18T14:54:59 IST" skipped="0">
  <testcase classname="Pac.Sample" name="sampleGetRequest" time="3.307"/>
  <system-out/>
</testsuite> <!-- Pac.Sample -->
