<?xml version="1.0" encoding="UTF-8"?>
<!-- Generated by org.testng.reporters.JUnitReportReporter -->
<testsuite hostname="TanmayPanda" failures="0" tests="1" name="com.sample.crud.withBdd.copy.SampleTestForCompleteUpdateTest" time="2.536" errors="0" timestamp="2025-02-21T12:30:36 IST" skipped="0">
  <testcase classname="com.sample.crud.withBdd.copy.SampleTestForCompleteUpdateTest" name="putDataToServer" time="2.536"/>
  <system-out/>
</testsuite> <!-- com.sample.crud.withBdd.copy.SampleTestForCompleteUpdateTest -->
