<?xml version="1.0" encoding="UTF-8"?>
<!-- Generated by org.testng.reporters.JUnitReportReporter -->
<testsuite hostname="TanmayPanda" failures="0" tests="10" name="DDT.AddMultipleProjectTest" time="3.052" errors="0" timestamp="2025-02-28T18:19:55 IST" skipped="0">
  <testcase classname="DDT.AddMultipleProjectTest" name="sampleTest" time="0.117"/>
  <system-out/>
  <testcase classname="DDT.AddMultipleProjectTest" name="sampleTest" time="0.117"/>
  <system-out/>
  <testcase classname="DDT.AddMultipleProjectTest" name="sampleTest" time="0.079"/>
  <system-out/>
  <testcase classname="DDT.AddMultipleProjectTest" name="sampleTest" time="2.091"/>
  <system-out/>
  <testcase classname="DDT.AddMultipleProjectTest" name="sampleTest" time="0.102"/>
  <system-out/>
  <testcase classname="DDT.AddMultipleProjectTest" name="sampleTest" time="0.111"/>
  <system-out/>
  <testcase classname="DDT.AddMultipleProjectTest" name="sampleTest" time="0.080"/>
  <system-out/>
  <testcase classname="DDT.AddMultipleProjectTest" name="sampleTest" time="0.125"/>
  <system-out/>
  <testcase classname="DDT.AddMultipleProjectTest" name="sampleTest" time="0.079"/>
  <system-out/>
  <testcase classname="DDT.AddMultipleProjectTest" name="sampleTest" time="0.151"/>
  <system-out/>
</testsuite> <!-- DDT.AddMultipleProjectTest -->
