<?xml version="1.0" encoding="UTF-8"?>
<!-- Generated by org.testng.reporters.JUnitReportReporter -->
<testsuite hostname="TanmayPanda" failures="0" tests="1" name="complexPost.Map_Object" time="2.008" errors="0" timestamp="2025-02-22T11:04:20 IST" skipped="0">
  <testcase classname="complexPost.Map_Object" name="postDataToServer" time="2.008"/>
  <system-out/>
</testsuite> <!-- complexPost.Map_Object -->
