<?xml version="1.0" encoding="UTF-8"?>
<!-- Generated by org.testng.reporters.JUnitReportReporter -->
<testsuite hostname="TanmayPanda" failures="0" tests="1" name="Practice_Response_Validation.Vrify_ResponseBody_viaJSONPath" time="3.658" errors="0" timestamp="2025-02-24T11:56:29 IST" skipped="0">
  <testcase classname="Practice_Response_Validation.Vrify_ResponseBody_viaJSONPath" name="SampleTest" time="3.658"/>
  <system-out/>
</testsuite> <!-- Practice_Response_Validation.Vrify_ResponseBody_viaJSONPath -->
