<?xml version="1.0" encoding="UTF-8"?>
<!-- Generated by org.testng.reporters.JUnitReportReporter -->
<testsuite hostname="TanmayPanda" failures="0" tests="1" name="typesOfParameter.QueryParamTest" time="2.700" errors="0" timestamp="2025-03-04T16:06:06 IST" skipped="0">
  <testcase classname="typesOfParameter.QueryParamTest" name="sampleTest" time="2.700"/>
  <system-out/>
</testsuite> <!-- typesOfParameter.QueryParamTest -->
