<?xml version="1.0" encoding="UTF-8"?>
<!-- Generated by org.testng.reporters.JUnitReportReporter -->
<testsuite hostname="TanmayPanda" failures="0" tests="1" name="com.sample.crud.withBdd.copy.SampleTestforDeleteTest" time="2.203" errors="0" timestamp="2025-02-21T12:36:21 IST" skipped="0">
  <testcase classname="com.sample.crud.withBdd.copy.SampleTestforDeleteTest" name="DeleyteDataFromServer" time="2.203"/>
  <system-out/>
</testsuite> <!-- com.sample.crud.withBdd.copy.SampleTestforDeleteTest -->
