<?xml version="1.0" encoding="UTF-8"?>
<!-- Generated by org.testng.reporters.JUnitReportReporter -->
<testsuite hostname="TanmayPanda" failures="0" tests="1" name="Pac.SampleTestusingMethodChaining" time="2.583" errors="0" timestamp="2025-02-18T17:18:03 IST" skipped="0">
  <testcase classname="Pac.SampleTestusingMethodChaining" name="getRequestTest" time="2.583"/>
  <system-out/>
</testsuite> <!-- Pac.SampleTestusingMethodChaining -->
