<?xml version="1.0" encoding="UTF-8"?>
<!-- Generated by org.testng.reporters.JUnitReportReporter -->
<testsuite hostname="TanmayPanda" failures="0" tests="1" name="complexPost.Post_Using_PojoClass" time="2.900" errors="0" timestamp="2025-02-24T15:35:21 IST" skipped="0">
  <testcase classname="complexPost.Post_Using_PojoClass" name="postDataToServer" time="2.900"/>
  <system-out/>
</testsuite> <!-- complexPost.Post_Using_PojoClass -->
