<?xml version="1.0" encoding="UTF-8"?>
<!-- Generated by org.testng.reporters.JUnitReportReporter -->
<testsuite hostname="TanmayPanda" failures="0" tests="1" name="com.sample.crud.withoutBdd.SampleTestForCompleteUpdateTest" time="4.718" errors="0" timestamp="2025-02-21T11:26:42 IST" skipped="0">
  <testcase classname="com.sample.crud.withoutBdd.SampleTestForCompleteUpdateTest" name="putDataToServer" time="4.718"/>
  <system-out/>
</testsuite> <!-- com.sample.crud.withoutBdd.SampleTestForCompleteUpdateTest -->
