<?xml version="1.0" encoding="UTF-8"?>
<!-- Generated by org.testng.reporters.JUnitReportReporter -->
<testsuite hostname="TanmayPanda" failures="0" tests="1" name="Practice.Run" time="0.011" errors="0" timestamp="2025-02-18T15:12:35 IST" skipped="0">
  <testcase classname="Practice.Run" name="sampleTest" time="0.011"/>
  <system-out/>
</testsuite> <!-- Practice.Run -->
