<?xml version="1.0" encoding="UTF-8"?>
<!-- Generated by org.testng.reporters.JUnitReportReporter -->
<testsuite hostname="TanmayPanda" failures="0" tests="1" name="AutjTest.BasicAuthorization" time="6.050" errors="0" timestamp="2025-02-25T15:56:14 IST" skipped="0">
  <testcase classname="AutjTest.BasicAuthorization" name="sampleTest" time="6.050"/>
  <system-out/>
</testsuite> <!-- AutjTest.BasicAuthorization -->
