<?xml version="1.0" encoding="UTF-8"?>
<!-- Generated by org.testng.reporters.JUnitReportReporter -->
<testsuite hostname="TanmayPanda" failures="0" tests="1" name="com.sample.crud.withBdd.copy.SampleTestForPartialUpdateTest" time="3.022" errors="0" timestamp="2025-02-21T12:34:14 IST" skipped="0">
  <testcase classname="com.sample.crud.withBdd.copy.SampleTestForPartialUpdateTest" name="PatchDataToServer" time="3.022"/>
  <system-out/>
</testsuite> <!-- com.sample.crud.withBdd.copy.SampleTestForPartialUpdateTest -->
