<?xml version="1.0" encoding="UTF-8"?>
<!-- Generated by org.testng.reporters.JUnitReportReporter -->
<testsuite hostname="TanmayPanda" failures="0" tests="1" name="Practice_Response_Validation.VerifyResponseTimeTest" time="3.595" errors="0" timestamp="2025-03-04T15:53:11 IST" skipped="0">
  <testcase classname="Practice_Response_Validation.VerifyResponseTimeTest" name="verifyTime" time="3.595"/>
  <system-out/>
</testsuite> <!-- Practice_Response_Validation.VerifyResponseTimeTest -->
