<?xml version="1.0" encoding="UTF-8"?>
<!-- Generated by org.testng.reporters.JUnitReportReporter -->
<testsuite hostname="TanmayPanda" failures="0" tests="1" name="com.sample.crud.withoutBdd.SampleTestForPartialUpdateTest" time="1.563" errors="0" timestamp="2025-02-21T11:35:43 IST" skipped="0">
  <testcase classname="com.sample.crud.withoutBdd.SampleTestForPartialUpdateTest" name="putDataToServer" time="1.563"/>
  <system-out/>
</testsuite> <!-- com.sample.crud.withoutBdd.SampleTestForPartialUpdateTest -->
