<?xml version="1.0" encoding="UTF-8"?>
<!-- Generated by org.testng.reporters.JUnitReportReporter -->
<testsuite hostname="TanmayPanda" failures="0" tests="1" name="Pac.Run" time="0.010" errors="0" timestamp="2025-02-18T15:57:09 IST" skipped="0">
  <testcase classname="Pac.Run" name="sampleTest" time="0.010"/>
  <system-out/>
</testsuite> <!-- Pac.Run -->
