<?xml version="1.0" encoding="UTF-8"?>
<!-- Generated by org.testng.reporters.JUnitReportReporter -->
<testsuite hostname="TanmayPanda" failures="0" tests="1" name="typesOfParameter.FormParamTest" time="2.867" errors="0" timestamp="2025-03-05T15:24:27 IST" skipped="0">
  <testcase classname="typesOfParameter.FormParamTest" name="sampleTest" time="2.867"/>
  <system-out/>
</testsuite> <!-- typesOfParameter.FormParamTest -->
