<?xml version="1.0" encoding="UTF-8"?>
<!-- Generated by org.testng.reporters.JUnitReportReporter -->
<testsuite hostname="TanmayPanda" failures="0" tests="1" name="typesOfParameter.pathParamTest" time="2.616" errors="0" timestamp="2025-02-28T18:16:59 IST" skipped="0">
  <testcase classname="typesOfParameter.pathParamTest" name="sampleTest" time="2.616"/>
  <system-out/>
</testsuite> <!-- typesOfParameter.pathParamTest -->
