<?xml version="1.0" encoding="UTF-8"?>
<!-- Generated by org.testng.reporters.JUnitReportReporter -->
<testsuite hostname="TanmayPanda" failures="0" tests="1" name="com.sample.crud.withoutBdd.SampleTestforReadTest" time="4.201" errors="0" timestamp="2025-02-28T17:40:39 IST" skipped="0">
  <testcase classname="com.sample.crud.withoutBdd.SampleTestforReadTest" name="getDataFromServer" time="4.201"/>
  <system-out/>
</testsuite> <!-- com.sample.crud.withoutBdd.SampleTestforReadTest -->
