<?xml version="1.0" encoding="UTF-8"?>
<!-- Generated by org.testng.reporters.JUnitReportReporter -->
<testsuite hostname="TanmayPanda" failures="0" tests="1" name="SampleJavaTest.Hii" time="7.257" errors="0" timestamp="2025-03-21T11:07:12 IST" skipped="0">
  <testcase classname="SampleJavaTest.Hii" name="Hi" time="7.257"/>
  <system-out/>
</testsuite> <!-- SampleJavaTest.Hii -->
