<?xml version="1.0" encoding="UTF-8"?>
<!-- Generated by org.testng.reporters.JUnitReportReporter -->
<testsuite hostname="TanmayPanda" failures="0" tests="1" name="complexPost.Json_File" time="1.858" errors="0" timestamp="2025-02-22T11:15:59 IST" skipped="0">
  <testcase classname="complexPost.Json_File" name="CreateData" time="1.858"/>
  <system-out/>
</testsuite> <!-- complexPost.Json_File -->
