<?xml version="1.0" encoding="UTF-8"?>
<!-- Generated by org.testng.reporters.JUnitReportReporter -->
<testsuite hostname="TanmayPanda" failures="0" tests="1" name="RequestChaining.Scenario2_AddEmployeeToProject" time="4.805" errors="0" timestamp="2025-02-24T16:15:32 IST" skipped="0">
  <testcase classname="RequestChaining.Scenario2_AddEmployeeToProject" name="postDataToServer" time="4.805"/>
  <system-out/>
</testsuite> <!-- RequestChaining.Scenario2_AddEmployeeToProject -->
