<?xml version="1.0" encoding="UTF-8"?>
<!-- Generated by org.testng.reporters.JUnitReportReporter -->
<testsuite hostname="TanmayPanda" failures="0" tests="1" name="typesOfParameter.ParamParameterTest2" time="2.495" errors="0" timestamp="2025-02-25T12:39:17 IST" skipped="0">
  <testcase classname="typesOfParameter.ParamParameterTest2" name="sampleTest" time="2.495"/>
  <system-out/>
</testsuite> <!-- typesOfParameter.ParamParameterTest2 -->
