<?xml version="1.0" encoding="UTF-8"?>
<!-- Generated by org.testng.reporters.JUnitReportReporter -->
<testsuite hostname="TanmayPanda" failures="0" tests="1" name="Encryption.EncodAndDecod" time="0.011" errors="0" timestamp="2025-02-28T18:21:51 IST" skipped="0">
  <testcase classname="Encryption.EncodAndDecod" name="sampleTest" time="0.011"/>
  <system-out/>
</testsuite> <!-- Encryption.EncodAndDecod -->
