<?xml version="1.0" encoding="UTF-8"?>
<!-- Generated by org.testng.reporters.JUnitReportReporter -->
<testsuite hostname="TanmayPanda" failures="0" tests="1" name="Practice.prectice" time="3.747" errors="0" timestamp="2025-03-05T16:05:22 IST" skipped="0">
  <testcase classname="Practice.prectice" name="createTest" time="3.747"/>
  <system-out/>
</testsuite> <!-- Practice.prectice -->
